ERROR - 2023-05-17 13:08:50 --> Error connecting to the database: mysqli_sql_exception: No connection could be made because the target machine actively refused it in C:\xamppbaru\htdocs\crud-gallery-ci4\system\Database\MySQLi\Connection.php:174
Stack trace:
#0 C:\xamppbaru\htdocs\crud-gallery-ci4\system\Database\MySQLi\Connection.php(174): mysqli->real_connect('localhost', 'root', '', 'db_gallery', 3306, '', 0)
#1 C:\xamppbaru\htdocs\crud-gallery-ci4\system\Database\BaseConnection.php(391): CodeIgniter\Database\MySQLi\Connection->connect(false)
#2 C:\xamppbaru\htdocs\crud-gallery-ci4\system\Database\BaseConnection.php(573): CodeIgniter\Database\BaseConnection->initialize()
#3 C:\xamppbaru\htdocs\crud-gallery-ci4\system\Database\BaseBuilder.php(1616): CodeIgniter\Database\BaseConnection->query('SELECT *\nFROM `...', Array, false)
#4 C:\xamppbaru\htdocs\crud-gallery-ci4\system\Model.php(268): CodeIgniter\Database\BaseBuilder->get()
#5 C:\xamppbaru\htdocs\crud-gallery-ci4\system\BaseModel.php(656): CodeIgniter\Model->doFirst()
#6 C:\xamppbaru\htdocs\crud-gallery-ci4\app\Controllers\Login.php(27): CodeIgniter\BaseModel->first()
#7 C:\xamppbaru\htdocs\crud-gallery-ci4\system\CodeIgniter.php(934): App\Controllers\Login->process()
#8 C:\xamppbaru\htdocs\crud-gallery-ci4\system\CodeIgniter.php(499): CodeIgniter\CodeIgniter->runController(Object(App\Controllers\Login))
#9 C:\xamppbaru\htdocs\crud-gallery-ci4\system\CodeIgniter.php(368): CodeIgniter\CodeIgniter->handleRequest(NULL, Object(Config\Cache), false)
#10 C:\xamppbaru\htdocs\crud-gallery-ci4\public\index.php(67): CodeIgniter\CodeIgniter->run()
#11 C:\xamppbaru\htdocs\crud-gallery-ci4\system\Commands\Server\rewrite.php(47): require_once('C:\\xamppbaru\\ht...')
#12 {main}

Next CodeIgniter\Database\Exceptions\DatabaseException: No connection could be made because the target machine actively refused it in C:\xamppbaru\htdocs\crud-gallery-ci4\system\Database\MySQLi\Connection.php:218
Stack trace:
#0 C:\xamppbaru\htdocs\crud-gallery-ci4\system\Database\BaseConnection.php(391): CodeIgniter\Database\MySQLi\Connection->connect(false)
#1 C:\xamppbaru\htdocs\crud-gallery-ci4\system\Database\BaseConnection.php(573): CodeIgniter\Database\BaseConnection->initialize()
#2 C:\xamppbaru\htdocs\crud-gallery-ci4\system\Database\BaseBuilder.php(1616): CodeIgniter\Database\BaseConnection->query('SELECT *\nFROM `...', Array, false)
#3 C:\xamppbaru\htdocs\crud-gallery-ci4\system\Model.php(268): CodeIgniter\Database\BaseBuilder->get()
#4 C:\xamppbaru\htdocs\crud-gallery-ci4\system\BaseModel.php(656): CodeIgniter\Model->doFirst()
#5 C:\xamppbaru\htdocs\crud-gallery-ci4\app\Controllers\Login.php(27): CodeIgniter\BaseModel->first()
#6 C:\xamppbaru\htdocs\crud-gallery-ci4\system\CodeIgniter.php(934): App\Controllers\Login->process()
#7 C:\xamppbaru\htdocs\crud-gallery-ci4\system\CodeIgniter.php(499): CodeIgniter\CodeIgniter->runController(Object(App\Controllers\Login))
#8 C:\xamppbaru\htdocs\crud-gallery-ci4\system\CodeIgniter.php(368): CodeIgniter\CodeIgniter->handleRequest(NULL, Object(Config\Cache), false)
#9 C:\xamppbaru\htdocs\crud-gallery-ci4\public\index.php(67): CodeIgniter\CodeIgniter->run()
#10 C:\xamppbaru\htdocs\crud-gallery-ci4\system\Commands\Server\rewrite.php(47): require_once('C:\\xamppbaru\\ht...')
#11 {main}
CRITICAL - 2023-05-17 13:08:50 --> Unable to connect to the database.
Main connection [MySQLi]: No connection could be made because the target machine actively refused it
in SYSTEMPATH\Database\BaseConnection.php on line 427.
 1 SYSTEMPATH\Database\BaseConnection.php(573): CodeIgniter\Database\BaseConnection->initialize()
 2 SYSTEMPATH\Database\BaseBuilder.php(1616): CodeIgniter\Database\BaseConnection->query('SELECT *
FROM `users`
WHERE `username` = :username:
 LIMIT 1', [...], false)
 3 SYSTEMPATH\Model.php(268): CodeIgniter\Database\BaseBuilder->get()
 4 SYSTEMPATH\BaseModel.php(656): CodeIgniter\Model->doFirst()
 5 APPPATH\Controllers\Login.php(27): CodeIgniter\BaseModel->first()
 6 SYSTEMPATH\CodeIgniter.php(934): App\Controllers\Login->process()
 7 SYSTEMPATH\CodeIgniter.php(499): CodeIgniter\CodeIgniter->runController(Object(App\Controllers\Login))
 8 SYSTEMPATH\CodeIgniter.php(368): CodeIgniter\CodeIgniter->handleRequest(null, Object(Config\Cache), false)
 9 FCPATH\index.php(67): CodeIgniter\CodeIgniter->run()
10 SYSTEMPATH\Commands\Server\rewrite.php(47): require_once('C:\\xamppbaru\\htdocs\\crud-gallery-ci4\\public\\index.php')
CRITICAL - 2023-05-17 13:10:55 --> Maximum execution time of 60 seconds exceeded
in SYSTEMPATH\Debug\Exceptions.php on line 170.
 1 [internal function]: CodeIgniter\Debug\Exceptions->shutdownHandler()
